31.000000 209053.000000 41690.000000 
31.000000 209020.000000 41699.000000 
35.000000 209032.000000 41690.000000 
32.000000 209115.000000 41697.000000 
32.000000 209056.000000 41695.000000 
32.000000 209083.000000 41697.000000 
32.000000 208986.000000 43254.000000 
32.000000 209052.000000 41696.000000 
32.000000 209088.000000 41689.000000 
31.000000 209120.000000 41699.000000 
32.000000 209031.000000 41689.000000 
32.000000 209059.000000 41692.000000 
32.000000 209401.000000 42197.000000 
32.000000 209099.000000 41689.000000 
33.000000 209082.000000 41691.000000 
32.000000 209023.000000 41694.000000 
32.000000 209070.000000 41694.000000 
31.000000 209070.000000 41692.000000 
31.000000 209022.000000 41689.000000 
31.000000 209049.000000 41693.000000 
31.000000 209071.000000 41695.000000 
33.000000 208988.000000 41696.000000 
32.000000 209006.000000 41691.000000 
32.000000 209062.000000 41695.000000 
32.000000 209039.000000 41701.000000 
36.000000 209007.000000 41695.000000 
31.000000 209027.000000 41689.000000 
31.000000 209080.000000 41700.000000 
35.000000 209103.000000 41690.000000 
32.000000 209276.000000 42198.000000 
32.000000 209251.000000 41696.000000 
31.000000 209075.000000 41689.000000 
31.000000 209076.000000 41689.000000 
32.000000 209068.000000 41694.000000 
32.000000 208986.000000 41690.000000 
32.000000 209067.000000 41688.000000 
32.000000 209035.000000 41692.000000 
31.000000 209062.000000 41690.000000 
32.000000 209039.000000 41691.000000 
31.000000 209091.000000 41689.000000 
31.000000 209053.000000 41691.000000 
32.000000 209045.000000 41688.000000 
32.000000 209007.000000 41690.000000 
33.000000 209081.000000 41689.000000 
32.000000 209047.000000 41689.000000 
34.000000 209000.000000 41689.000000 
31.000000 209093.000000 42235.000000 
31.000000 209407.000000 41690.000000 
36.000000 209079.000000 41696.000000 
31.000000 209044.000000 41692.000000 
32.000000 209063.000000 41691.000000 
31.000000 209017.000000 41689.000000 
32.000000 209044.000000 41694.000000 
34.000000 209048.000000 41696.000000 
32.000000 209059.000000 41689.000000 
31.000000 209069.000000 41691.000000 
31.000000 209046.000000 41697.000000 
31.000000 209041.000000 41690.000000 
32.000000 209059.000000 41690.000000 
32.000000 209013.000000 41690.000000 
31.000000 209073.000000 41694.000000 
30.000000 209026.000000 41709.000000 
32.000000 209028.000000 41691.000000 
32.000000 209032.000000 42030.000000 
31.000000 209595.000000 41692.000000 
33.000000 209084.000000 41696.000000 
34.000000 209062.000000 41697.000000 
32.000000 209049.000000 41701.000000 
31.000000 209039.000000 41689.000000 
31.000000 209077.000000 41693.000000 
32.000000 209051.000000 41692.000000 
30.000000 209056.000000 41689.000000 
32.000000 209066.000000 41689.000000 
32.000000 209022.000000 41689.000000 
31.000000 209041.000000 41689.000000 
32.000000 209059.000000 41700.000000 
31.000000 209023.000000 41702.000000 
31.000000 209075.000000 41696.000000 
36.000000 209031.000000 41693.000000 
31.000000 209093.000000 41689.000000 
32.000000 209069.000000 41789.000000 
31.000000 209722.000000 41692.000000 
32.000000 209029.000000 41692.000000 
31.000000 209068.000000 41691.000000 
32.000000 209061.000000 41703.000000 
31.000000 209033.000000 41691.000000 
31.000000 209061.000000 41694.000000 
31.000000 209034.000000 41696.000000 
32.000000 209080.000000 41695.000000 
31.000000 209016.000000 41700.000000 
37.000000 209034.000000 41694.000000 
32.000000 209054.000000 41692.000000 
34.000000 209069.000000 41693.000000 
31.000000 209130.000000 41689.000000 
31.000000 209078.000000 41701.000000 
31.000000 209041.000000 41696.000000 
32.000000 209020.000000 41692.000000 
30.000000 209058.000000 41691.000000 
32.000000 209696.000000 41690.000000 
31.000000 209048.000000 41696.000000 
32.000000 209033.000000 41693.000000 
31.000000 209042.000000 41691.000000 
31.000000 209057.000000 41690.000000 
31.000000 209051.000000 41688.000000 
31.000000 209040.000000 41695.000000 
32.000000 209057.000000 41690.000000 
31.000000 209064.000000 41689.000000 
31.000000 209039.000000 41696.000000 
32.000000 209045.000000 41690.000000 
36.000000 209046.000000 41692.000000 
32.000000 209063.000000 41689.000000 
32.000000 209023.000000 41692.000000 
31.000000 209051.000000 41694.000000 
31.000000 209026.000000 41690.000000 
32.000000 209054.000000 41689.000000 
36.000000 209739.000000 41694.000000 
33.000000 209036.000000 41696.000000 
31.000000 209103.000000 41691.000000 
32.000000 209039.000000 41697.000000 
31.000000 209029.000000 41692.000000 
32.000000 209070.000000 41692.000000 
31.000000 209015.000000 41702.000000 
32.000000 209059.000000 41702.000000 
31.000000 209055.000000 41693.000000 
32.000000 209087.000000 41691.000000 
31.000000 209101.000000 41690.000000 
31.000000 209018.000000 41689.000000 
32.000000 209049.000000 41689.000000 
32.000000 209064.000000 41692.000000 
34.000000 209007.000000 41695.000000 
32.000000 209001.000000 41702.000000 
32.000000 209061.000000 41692.000000 
31.000000 209603.000000 41845.000000 
31.000000 209028.000000 41689.000000 
32.000000 209063.000000 41691.000000 
31.000000 209058.000000 41693.000000 
32.000000 209016.000000 41690.000000 
32.000000 209047.000000 41696.000000 
32.000000 209080.000000 41689.000000 
32.000000 209005.000000 41695.000000 
35.000000 209029.000000 41691.000000 
31.000000 209047.000000 41700.000000 
32.000000 209030.000000 41696.000000 
31.000000 209089.000000 41699.000000 
31.000000 209075.000000 41689.000000 
32.000000 209098.000000 41691.000000 
31.000000 209056.000000 41689.000000 
33.000000 209051.000000 41708.000000 
31.000000 209022.000000 41689.000000 
31.000000 209454.000000 42100.000000 
31.000000 209082.000000 41693.000000 
31.000000 209053.000000 41695.000000 
30.000000 209057.000000 41692.000000 
31.000000 209053.000000 41689.000000 
31.000000 209055.000000 41696.000000 
32.000000 209048.000000 41692.000000 
32.000000 209066.000000 41695.000000 
31.000000 209086.000000 41694.000000 
31.000000 209063.000000 41690.000000 
31.000000 209058.000000 41702.000000 
31.000000 209095.000000 41702.000000 
31.000000 209006.000000 41693.000000 
32.000000 209090.000000 41695.000000 
32.000000 209053.000000 41694.000000 
32.000000 209062.000000 41695.000000 
32.000000 209017.000000 41694.000000 
31.000000 209345.000000 42201.000000 
32.000000 209166.000000 41696.000000 
31.000000 209046.000000 41691.000000 
32.000000 209084.000000 41694.000000 
32.000000 209025.000000 41690.000000 
36.000000 209029.000000 41695.000000 
32.000000 209062.000000 41690.000000 
31.000000 209017.000000 41691.000000 
32.000000 209089.000000 41706.000000 
32.000000 209035.000000 41689.000000 
32.000000 209066.000000 41702.000000 
31.000000 209013.000000 41696.000000 
31.000000 209021.000000 41691.000000 
31.000000 209076.000000 41691.000000 
32.000000 209028.000000 41689.000000 
31.000000 209030.000000 41689.000000 
31.000000 209031.000000 41694.000000 
32.000000 209255.000000 42204.000000 
31.000000 209306.000000 41697.000000 
31.000000 208972.000000 41690.000000 
32.000000 209038.000000 41698.000000 
31.000000 209046.000000 41689.000000 
32.000000 209020.000000 41689.000000 
32.000000 209037.000000 41695.000000 
32.000000 209088.000000 41691.000000 
33.000000 209045.000000 41693.000000 
31.000000 209061.000000 41689.000000 
32.000000 209031.000000 41689.000000 
35.000000 209059.000000 41691.000000 
31.000000 209015.000000 41690.000000 
31.000000 208997.000000 41694.000000 
32.000000 208989.000000 41694.000000 
31.000000 209017.000000 41689.000000 
31.000000 209041.000000 41690.000000 
32.000000 209038.000000 42179.000000 
31.000000 209443.000000 46299.000000 
33.000000 209033.000000 41690.000000 
31.000000 209017.000000 41692.000000 
31.000000 209075.000000 41700.000000 
31.000000 209034.000000 41695.000000 
31.000000 209028.000000 41697.000000 
32.000000 209000.000000 41693.000000 
32.000000 209770.000000 41690.000000 
32.000000 209008.000000 41696.000000 
33.000000 209041.000000 41691.000000 
32.000000 209125.000000 41690.000000 
31.000000 209003.000000 41696.000000 
32.000000 209047.000000 41692.000000 
31.000000 209061.000000 41691.000000 
31.000000 209048.000000 41741.000000 
32.000000 209068.000000 41696.000000 
31.000000 209070.000000 41972.000000 
32.000000 209633.000000 41698.000000 
31.000000 209056.000000 41689.000000 
31.000000 209078.000000 41692.000000 
31.000000 209028.000000 41695.000000 
31.000000 209107.000000 41701.000000 
32.000000 209088.000000 41690.000000 
32.000000 209056.000000 41696.000000 
31.000000 209042.000000 41692.000000 
31.000000 209010.000000 41696.000000 
36.000000 209064.000000 41693.000000 
31.000000 209094.000000 41692.000000 
31.000000 208983.000000 41694.000000 
32.000000 209005.000000 41691.000000 
31.000000 209033.000000 41694.000000 
32.000000 209079.000000 41693.000000 
36.000000 209041.000000 41689.000000 
31.000000 208979.000000 41738.000000 
32.000000 209720.000000 41693.000000 
34.000000 208993.000000 41691.000000 
32.000000 209088.000000 41689.000000 
31.000000 209029.000000 41690.000000 
31.000000 209067.000000 41690.000000 
31.000000 209011.000000 41696.000000 
31.000000 209006.000000 41697.000000 
32.000000 209012.000000 41697.000000 
32.000000 209011.000000 41692.000000 
32.000000 209036.000000 41694.000000 
31.000000 209052.000000 41691.000000 
31.000000 209021.000000 41695.000000 
32.000000 209055.000000 41697.000000 
32.000000 209062.000000 41689.000000 
31.000000 209065.000000 41704.000000 
34.000000 209059.000000 41694.000000 
31.000000 209032.000000 41693.000000 
32.000000 209742.000000 41688.000000 
32.000000 209038.000000 41696.000000 
33.000000 209052.000000 41690.000000 
31.000000 209067.000000 41694.000000 
32.000000 209079.000000 41689.000000 
32.000000 209037.000000 41691.000000 
32.000000 209029.000000 41692.000000 
32.000000 209048.000000 41691.000000 
31.000000 209064.000000 41703.000000 
31.000000 209070.000000 41694.000000 
32.000000 209040.000000 41697.000000 
32.000000 209045.000000 41694.000000 
33.000000 209040.000000 41692.000000 
32.000000 209039.000000 41696.000000 
32.000000 209031.000000 41689.000000 
31.000000 209030.000000 41699.000000 
31.000000 209026.000000 41694.000000 
31.000000 209775.000000 41694.000000 
31.000000 209093.000000 41688.000000 
31.000000 209013.000000 41695.000000 
33.000000 209064.000000 41691.000000 
32.000000 209067.000000 41698.000000 
31.000000 209027.000000 41696.000000 
31.000000 209035.000000 41690.000000 
32.000000 209059.000000 41694.000000 
31.000000 209048.000000 41697.000000 
32.000000 209074.000000 41697.000000 
32.000000 209098.000000 41690.000000 
31.000000 209053.000000 41697.000000 
31.000000 209022.000000 41689.000000 
34.000000 209048.000000 41693.000000 
32.000000 209031.000000 41689.000000 
31.000000 209007.000000 41692.000000 
34.000000 209020.000000 41693.000000 
32.000000 209606.000000 41862.000000 
36.000000 209053.000000 41692.000000 
33.000000 209024.000000 41690.000000 
32.000000 209037.000000 41692.000000 
31.000000 209003.000000 41694.000000 
32.000000 209024.000000 41692.000000 
32.000000 209049.000000 41692.000000 
31.000000 209099.000000 41691.000000 
31.000000 209050.000000 41693.000000 
32.000000 209066.000000 41692.000000 
37.000000 209019.000000 41696.000000 
32.000000 209030.000000 41700.000000 
32.000000 209052.000000 41689.000000 
35.000000 209067.000000 41697.000000 
31.000000 209078.000000 41696.000000 
32.000000 209057.000000 41690.000000 
31.000000 209083.000000 41698.000000 
36.000000 209469.000000 42120.000000 
31.000000 209030.000000 41689.000000 
32.000000 209046.000000 41688.000000 
31.000000 209003.000000 41699.000000 
31.000000 209040.000000 41697.000000 
32.000000 209047.000000 41698.000000 
32.000000 209014.000000 41695.000000 
31.000000 209086.000000 41690.000000 
37.000000 209011.000000 41693.000000 
34.000000 209031.000000 41691.000000 
31.000000 209005.000000 41694.000000 
32.000000 209065.000000 41693.000000 
31.000000 209094.000000 41692.000000 
31.000000 209066.000000 41697.000000 
31.000000 209088.000000 41693.000000 
32.000000 209084.000000 41689.000000 
32.000000 209066.000000 41699.000000 
31.000000 209304.000000 42197.000000 
31.000000 209194.000000 41691.000000 
32.000000 209038.000000 41690.000000 
34.000000 209077.000000 41689.000000 
32.000000 209062.000000 41692.000000 
31.000000 209058.000000 41694.000000 
32.000000 209080.000000 41691.000000 
31.000000 209030.000000 41705.000000 
31.000000 209068.000000 41691.000000 
32.000000 209083.000000 41698.000000 
32.000000 209048.000000 41698.000000 
32.000000 209072.000000 41691.000000 
32.000000 209046.000000 41691.000000 
31.000000 209065.000000 41706.000000 
32.000000 209055.000000 41690.000000 
32.000000 209101.000000 41693.000000 
31.000000 209015.000000 41693.000000 
31.000000 209209.000000 42195.000000 
32.000000 209329.000000 41691.000000 
31.000000 208993.000000 41690.000000 
32.000000 209004.000000 41692.000000 
31.000000 209011.000000 41697.000000 
31.000000 209034.000000 41692.000000 
32.000000 209072.000000 41689.000000 
31.000000 209039.000000 41694.000000 
31.000000 209091.000000 41688.000000 
32.000000 209052.000000 41690.000000 
32.000000 209093.000000 41697.000000 
31.000000 209073.000000 41689.000000 
31.000000 209061.000000 41692.000000 
32.000000 209017.000000 41691.000000 
32.000000 209038.000000 41700.000000 
32.000000 209104.000000 41692.000000 
31.000000 209033.000000 41691.000000 
32.000000 209056.000000 42128.000000 
32.000000 209542.000000 41691.000000 
32.000000 209040.000000 41689.000000 
32.000000 209033.000000 41693.000000 
31.000000 209037.000000 41689.000000 
31.000000 209033.000000 41696.000000 
31.000000 209054.000000 41714.000000 
30.000000 209065.000000 41696.000000 
31.000000 209038.000000 41691.000000 
31.000000 209040.000000 41690.000000 
34.000000 209051.000000 41690.000000 
32.000000 209036.000000 41704.000000 
32.000000 209002.000000 41695.000000 
31.000000 209018.000000 41701.000000 
32.000000 209077.000000 41688.000000 
30.000000 209017.000000 41697.000000 
32.000000 209101.000000 41692.000000 
31.000000 209062.000000 41867.000000 
32.000000 209660.000000 41690.000000 
32.000000 209051.000000 41688.000000 
31.000000 209081.000000 41694.000000 
31.000000 209026.000000 41694.000000 
32.000000 209043.000000 41693.000000 
31.000000 209032.000000 41698.000000 
32.000000 209052.000000 41692.000000 
31.000000 208988.000000 41690.000000 
32.000000 209045.000000 41690.000000 
32.000000 208986.000000 41694.000000 
31.000000 209026.000000 41693.000000 
34.000000 209074.000000 41695.000000 
32.000000 209016.000000 41693.000000 
32.000000 209008.000000 41690.000000 
32.000000 209054.000000 41692.000000 
31.000000 209088.000000 41697.000000 
32.000000 209028.000000 41693.000000 
32.000000 209703.000000 41690.000000 
32.000000 209057.000000 41691.000000 
32.000000 209087.000000 41694.000000 
31.000000 209039.000000 41689.000000 
31.000000 209101.000000 41691.000000 
31.000000 209027.000000 41692.000000 
32.000000 209128.000000 41691.000000 
31.000000 209027.000000 41690.000000 
32.000000 209048.000000 41690.000000 
31.000000 209058.000000 41692.000000 
32.000000 209049.000000 41692.000000 
31.000000 209068.000000 41697.000000 
32.000000 209090.000000 41693.000000 
31.000000 209033.000000 41691.000000 
31.000000 212333.000000 41696.000000 
32.000000 209058.000000 41692.000000 
32.000000 209075.000000 41703.000000 
31.000000 209670.000000 41694.000000 
32.000000 209031.000000 41690.000000 
35.000000 209033.000000 41693.000000 
30.000000 209067.000000 41692.000000 
32.000000 209036.000000 41692.000000 
32.000000 209031.000000 41700.000000 
31.000000 209028.000000 41692.000000 
31.000000 209060.000000 41709.000000 
31.000000 209060.000000 41690.000000 
31.000000 209067.000000 41700.000000 
31.000000 209069.000000 41693.000000 
31.000000 209083.000000 41694.000000 
32.000000 209075.000000 41693.000000 
31.000000 209049.000000 41696.000000 
32.000000 209040.000000 41694.000000 
31.000000 209057.000000 41692.000000 
32.000000 209054.000000 41691.000000 
31.000000 209753.000000 41748.000000 
33.000000 209023.000000 41689.000000 
31.000000 209010.000000 41700.000000 
31.000000 209101.000000 41691.000000 
32.000000 209062.000000 41690.000000 
31.000000 209026.000000 41694.000000 
31.000000 209066.000000 41698.000000 
32.000000 209048.000000 41694.000000 
34.000000 209083.000000 41693.000000 
32.000000 209090.000000 41691.000000 
31.000000 209060.000000 41697.000000 
32.000000 209058.000000 41699.000000 
31.000000 209059.000000 41693.000000 
32.000000 209054.000000 41693.000000 
31.000000 209355.000000 41693.000000 
32.000000 209099.000000 41694.000000 
31.000000 209064.000000 41696.000000 
31.000000 209621.000000 41978.000000 
31.000000 209034.000000 41694.000000 
32.000000 209011.000000 41697.000000 
31.000000 209006.000000 41693.000000 
31.000000 209069.000000 41692.000000 
32.000000 209042.000000 41691.000000 
31.000000 209063.000000 41698.000000 
32.000000 209046.000000 41692.000000 
32.000000 209005.000000 41689.000000 
32.000000 209077.000000 41692.000000 
32.000000 209072.000000 41692.000000 
32.000000 209068.000000 41690.000000 
32.000000 208981.000000 41699.000000 
31.000000 209067.000000 41694.000000 
31.000000 209046.000000 41698.000000 
32.000000 209093.000000 41692.000000 
31.000000 209126.000000 41694.000000 
32.000000 209446.000000 42174.000000 
34.000000 209047.000000 41689.000000 
32.000000 209039.000000 41699.000000 
32.000000 209036.000000 41691.000000 
32.000000 209060.000000 41699.000000 
33.000000 209049.000000 41694.000000 
31.000000 209057.000000 41697.000000 
32.000000 209124.000000 41697.000000 
30.000000 209085.000000 41692.000000 
34.000000 209070.000000 41719.000000 
33.000000 209034.000000 41690.000000 
32.000000 209019.000000 41695.000000 
31.000000 209046.000000 41689.000000 
31.000000 209054.000000 41695.000000 
34.000000 209097.000000 41692.000000 
31.000000 209033.000000 41698.000000 
32.000000 209072.000000 41691.000000 
31.000000 209249.000000 42198.000000 
32.000000 209291.000000 41701.000000 
33.000000 208990.000000 41697.000000 
31.000000 209051.000000 41694.000000 
31.000000 209102.000000 41689.000000 
31.000000 209059.000000 41693.000000 
32.000000 209046.000000 41692.000000 
32.000000 209111.000000 41694.000000 
32.000000 209037.000000 41695.000000 
32.000000 209029.000000 41692.000000 
31.000000 209032.000000 41698.000000 
32.000000 209071.000000 41697.000000 
32.000000 209033.000000 41702.000000 
31.000000 208985.000000 41699.000000 
31.000000 209041.000000 41690.000000 
31.000000 209108.000000 41695.000000 
32.000000 209364.000000 41689.000000 
31.000000 209226.000000 42197.000000 
32.000000 209327.000000 41693.000000 
32.000000 209096.000000 41700.000000 
42.000000 208966.000000 41702.000000 
32.000000 209064.000000 41698.000000 
31.000000 209035.000000 41693.000000 
31.000000 209028.000000 41692.000000 
31.000000 209045.000000 41690.000000 
31.000000 209066.000000 41694.000000 
37.000000 209037.000000 41692.000000 
31.000000 209010.000000 41694.000000 
32.000000 209021.000000 41694.000000 
32.000000 209057.000000 41689.000000 
32.000000 209067.000000 41700.000000 
31.000000 209041.000000 41690.000000 
31.000000 209085.000000 41692.000000 
31.000000 209060.000000 41688.000000 
31.000000 209123.000000 42075.000000 
31.000000 209543.000000 41695.000000 
31.000000 209091.000000 41690.000000 
32.000000 209041.000000 41698.000000 
31.000000 209066.000000 41691.000000 
35.000000 209097.000000 41691.000000 
32.000000 208998.000000 41695.000000 
31.000000 209079.000000 41695.000000 
31.000000 209037.000000 41696.000000 
33.000000 209048.000000 41696.000000 
31.000000 209042.000000 41698.000000 
32.000000 208990.000000 41693.000000 
33.000000 209060.000000 41689.000000 
34.000000 209075.000000 41696.000000 
32.000000 209059.000000 41694.000000 
32.000000 209028.000000 41700.000000 
31.000000 209034.000000 41691.000000 
32.000000 209029.000000 41811.000000 
32.000000 209737.000000 41697.000000 
30.000000 209024.000000 41690.000000 
31.000000 209003.000000 41690.000000 
32.000000 209070.000000 41694.000000 
32.000000 209078.000000 41695.000000 
31.000000 209017.000000 41694.000000 
31.000000 209079.000000 41691.000000 
37.000000 209072.000000 41691.000000 
34.000000 209023.000000 41689.000000 
32.000000 209043.000000 41692.000000 
31.000000 208994.000000 41692.000000 
31.000000 209008.000000 41689.000000 
32.000000 209026.000000 41703.000000 
32.000000 209046.000000 41690.000000 
32.000000 209077.000000 41696.000000 
32.000000 209051.000000 41692.000000 
32.000000 209067.000000 41688.000000 
30.000000 209767.000000 41691.000000 
31.000000 209039.000000 41690.000000 
31.000000 209065.000000 41693.000000 
32.000000 209024.000000 41699.000000 
31.000000 209036.000000 41698.000000 
32.000000 209056.000000 41691.000000 
31.000000 209028.000000 41691.000000 
33.000000 209035.000000 41696.000000 
32.000000 209060.000000 41692.000000 
31.000000 209054.000000 41689.000000 
31.000000 209040.000000 41695.000000 
31.000000 209055.000000 41693.000000 
31.000000 209055.000000 41690.000000 
33.000000 209052.000000 41693.000000 
31.000000 209060.000000 41693.000000 
31.000000 209018.000000 41696.000000 
31.000000 209052.000000 41689.000000 
33.000000 209714.000000 41691.000000 
32.000000 209049.000000 41691.000000 
31.000000 209060.000000 41690.000000 
31.000000 209008.000000 41691.000000 
31.000000 209042.000000 41694.000000 
32.000000 209019.000000 41708.000000 
31.000000 209058.000000 41691.000000 
31.000000 209028.000000 41694.000000 
32.000000 209054.000000 41694.000000 
38.000000 209050.000000 41692.000000 
32.000000 209016.000000 41689.000000 
31.000000 209056.000000 41701.000000 
31.000000 209054.000000 41694.000000 
33.000000 209053.000000 41701.000000 
32.000000 209008.000000 41692.000000 
34.000000 209078.000000 41694.000000 
31.000000 209064.000000 41690.000000 
31.000000 209704.000000 41816.000000 
32.000000 209032.000000 41689.000000 
31.000000 208989.000000 41689.000000 
32.000000 209062.000000 41693.000000 
31.000000 209077.000000 41693.000000 
33.000000 209058.000000 41694.000000 
32.000000 208992.000000 41688.000000 
32.000000 209043.000000 41691.000000 
31.000000 209048.000000 41693.000000 
33.000000 209063.000000 41691.000000 
31.000000 208999.000000 41695.000000 
31.000000 209060.000000 41691.000000 
30.000000 209082.000000 41692.000000 
31.000000 209049.000000 41694.000000 
31.000000 209104.000000 44514.000000 
32.000000 209064.000000 41694.000000 
31.000000 209036.000000 41704.000000 
31.000000 209579.000000 42058.000000 
31.000000 209083.000000 41694.000000 
32.000000 209060.000000 41696.000000 
31.000000 209038.000000 41703.000000 
32.000000 209012.000000 41693.000000 
31.000000 209007.000000 41695.000000 
35.000000 209031.000000 41689.000000 
32.000000 209056.000000 41694.000000 
31.000000 209019.000000 41690.000000 
31.000000 209006.000000 41692.000000 
35.000000 209124.000000 41690.000000 
32.000000 209058.000000 41693.000000 
31.000000 209057.000000 41696.000000 
31.000000 209052.000000 41692.000000 
31.000000 209032.000000 41691.000000 
31.000000 209046.000000 41696.000000 
31.000000 209036.000000 41695.000000 
31.000000 209393.000000 42200.000000 
37.000000 209104.000000 41694.000000 
32.000000 209053.000000 41696.000000 
33.000000 209083.000000 41704.000000 
31.000000 209083.000000 41692.000000 
32.000000 209025.000000 41695.000000 
31.000000 209038.000000 41698.000000 
32.000000 209060.000000 41690.000000 
31.000000 209072.000000 41692.000000 
32.000000 209021.000000 41693.000000 
36.000000 209071.000000 41692.000000 
31.000000 209068.000000 41694.000000 
31.000000 209012.000000 41692.000000 
31.000000 209023.000000 41691.000000 
32.000000 209059.000000 41693.000000 
32.000000 209045.000000 41704.000000 
32.000000 209077.000000 41689.000000 
32.000000 209236.000000 42199.000000 
31.000000 209196.000000 41693.000000 
31.000000 209084.000000 41689.000000 
31.000000 208997.000000 41694.000000 
31.000000 209030.000000 41693.000000 
31.000000 209060.000000 41693.000000 
32.000000 209030.000000 41698.000000 
36.000000 209012.000000 41697.000000 
32.000000 209034.000000 41689.000000 
31.000000 209004.000000 41696.000000 
31.000000 209090.000000 41689.000000 
31.000000 209064.000000 41693.000000 
31.000000 209046.000000 41691.000000 
33.000000 209041.000000 41691.000000 
32.000000 209066.000000 41689.000000 
31.000000 209015.000000 41692.000000 
31.000000 209090.000000 41698.000000 
31.000000 209162.000000 42189.000000 
31.000000 209410.000000 41693.000000 
33.000000 209061.000000 41689.000000 
31.000000 209119.000000 41692.000000 
31.000000 209044.000000 41693.000000 
31.000000 209048.000000 41692.000000 
31.000000 209014.000000 41693.000000 
33.000000 209056.000000 41695.000000 
31.000000 209067.000000 41693.000000 
32.000000 209066.000000 41697.000000 
31.000000 209044.000000 41690.000000 
31.000000 208992.000000 41694.000000 
31.000000 209036.000000 41697.000000 
32.000000 209050.000000 41689.000000 
31.000000 209115.000000 41692.000000 
32.000000 209048.000000 41691.000000 
31.000000 209073.000000 41690.000000 
31.000000 209029.000000 41998.000000 
32.000000 209553.000000 41689.000000 
32.000000 209026.000000 41692.000000 
32.000000 209022.000000 41695.000000 
35.000000 209028.000000 41690.000000 
32.000000 209067.000000 41688.000000 
31.000000 209063.000000 41693.000000 
32.000000 209027.000000 41703.000000 
31.000000 209097.000000 41688.000000 
31.000000 209047.000000 41694.000000 
32.000000 209025.000000 41694.000000 
33.000000 209078.000000 41689.000000 
31.000000 209056.000000 41692.000000 
31.000000 209037.000000 41693.000000 
32.000000 209089.000000 41688.000000 
33.000000 209060.000000 41695.000000 
33.000000 209058.000000 41694.000000 
31.000000 208996.000000 41760.000000 
34.000000 209725.000000 41692.000000 
31.000000 209058.000000 41700.000000 
30.000000 209045.000000 41691.000000 
31.000000 209059.000000 41690.000000 
31.000000 209060.000000 41691.000000 
31.000000 209003.000000 41690.000000 
31.000000 209037.000000 41700.000000 
31.000000 209048.000000 41699.000000 
31.000000 209067.000000 41692.000000 
31.000000 209076.000000 41691.000000 
32.000000 209066.000000 41693.000000 
32.000000 209025.000000 41692.000000 
31.000000 209050.000000 41698.000000 
32.000000 209054.000000 41690.000000 
31.000000 209058.000000 41694.000000 
31.000000 209026.000000 41694.000000 
31.000000 209043.000000 41691.000000 
33.000000 209737.000000 41690.000000 
31.000000 209067.000000 41704.000000 
30.000000 209060.000000 41693.000000 
31.000000 209013.000000 41689.000000 
31.000000 209082.000000 41688.000000 
32.000000 209092.000000 41696.000000 
32.000000 209218.000000 41691.000000 
31.000000 209073.000000 41689.000000 
31.000000 209024.000000 41698.000000 
32.000000 209016.000000 41694.000000 
32.000000 209024.000000 41698.000000 
32.000000 209077.000000 41694.000000 
35.000000 209031.000000 41689.000000 
31.000000 209074.000000 41694.000000 
31.000000 209036.000000 41695.000000 
31.000000 209037.000000 41707.000000 
36.000000 209050.000000 41702.000000 
31.000000 209752.000000 41700.000000 
31.000000 209027.000000 41689.000000 
31.000000 209003.000000 41695.000000 
31.000000 208986.000000 41699.000000 
32.000000 209007.000000 41688.000000 
32.000000 209098.000000 41694.000000 
31.000000 209022.000000 41698.000000 
32.000000 209068.000000 41698.000000 
38.000000 209033.000000 41696.000000 
32.000000 209058.000000 41691.000000 
32.000000 209033.000000 41691.000000 
31.000000 209038.000000 41693.000000 
31.000000 209044.000000 41692.000000 
32.000000 209071.000000 41695.000000 
35.000000 209044.000000 41693.000000 
31.000000 209062.000000 41689.000000 
32.000000 209029.000000 41699.000000 
30.000000 209631.000000 41889.000000 
31.000000 209005.000000 41717.000000 
35.000000 209031.000000 41702.000000 
32.000000 209091.000000 41692.000000 
32.000000 209073.000000 41690.000000 
31.000000 209050.000000 41689.000000 
36.000000 209035.000000 41700.000000 
31.000000 209039.000000 41690.000000 
32.000000 209081.000000 41691.000000 
32.000000 209000.000000 41699.000000 
36.000000 209059.000000 41691.000000 
31.000000 209073.000000 41698.000000 
31.000000 209002.000000 41688.000000 
31.000000 209027.000000 41692.000000 
31.000000 209031.000000 41693.000000 
32.000000 209045.000000 41693.000000 
32.000000 209090.000000 41692.000000 
32.000000 209421.000000 42132.000000 
32.000000 209078.000000 41692.000000 
31.000000 209030.000000 41704.000000 
31.000000 209045.000000 41694.000000 
32.000000 209070.000000 41697.000000 
32.000000 209092.000000 41694.000000 
35.000000 209057.000000 41692.000000 
31.000000 209040.000000 41694.000000 
31.000000 209099.000000 41693.000000 
31.000000 209044.000000 41696.000000 
31.000000 209551.000000 41696.000000 
32.000000 208959.000000 41695.000000 
31.000000 209044.000000 41692.000000 
32.000000 209037.000000 41693.000000 
32.000000 209106.000000 41694.000000 
30.000000 208987.000000 41697.000000 
32.000000 209081.000000 41694.000000 
31.000000 209313.000000 42198.000000 
32.000000 209191.000000 41688.000000 
31.000000 209014.000000 41698.000000 
37.000000 209071.000000 41691.000000 
32.000000 209027.000000 41704.000000 
32.000000 209027.000000 41690.000000 
33.000000 209023.000000 41690.000000 
33.000000 209112.000000 41692.000000 
32.000000 209078.000000 41696.000000 
38.000000 209096.000000 41695.000000 
30.000000 209047.000000 41696.000000 
33.000000 209107.000000 41691.000000 
32.000000 209036.000000 41701.000000 
31.000000 208996.000000 41697.000000 
31.000000 209055.000000 41695.000000 
31.000000 209043.000000 41696.000000 
33.000000 209025.000000 41690.000000 
32.000000 209235.000000 42194.000000 
32.000000 209354.000000 41691.000000 
31.000000 209048.000000 41695.000000 
31.000000 209057.000000 41696.000000 
33.000000 209037.000000 46052.000000 
31.000000 209033.000000 41693.000000 
32.000000 209046.000000 41695.000000 
31.000000 209001.000000 41694.000000 
32.000000 209063.000000 41694.000000 
31.000000 209076.000000 41696.000000 
30.000000 209382.000000 41695.000000 
31.000000 210272.000000 41692.000000 
31.000000 209059.000000 41693.000000 
32.000000 209061.000000 41689.000000 
36.000000 209017.000000 41696.000000 
32.000000 209064.000000 41688.000000 
32.000000 209026.000000 41696.000000 
31.000000 208995.000000 42157.000000 
31.000000 209501.000000 41694.000000 
32.000000 209049.000000 41690.000000 
32.000000 209021.000000 41690.000000 
32.000000 209109.000000 41692.000000 
31.000000 209102.000000 41694.000000 
36.000000 209114.000000 41690.000000 
32.000000 209081.000000 41696.000000 
30.000000 209018.000000 41692.000000 
31.000000 209073.000000 41701.000000 
35.000000 209083.000000 41702.000000 
31.000000 209099.000000 41699.000000 
31.000000 209058.000000 41689.000000 
31.000000 209012.000000 41703.000000 
32.000000 209020.000000 41701.000000 
33.000000 209073.000000 41694.000000 
32.000000 209000.000000 41693.000000 
37.000000 209094.000000 41933.000000 
32.000000 209664.000000 41696.000000 
32.000000 209100.000000 41690.000000 
32.000000 209056.000000 41689.000000 
31.000000 209049.000000 41699.000000 
31.000000 209104.000000 41697.000000 
31.000000 209018.000000 41697.000000 
32.000000 209069.000000 41691.000000 
32.000000 209072.000000 41689.000000 
32.000000 209034.000000 41690.000000 
32.000000 209027.000000 41691.000000 
31.000000 209066.000000 41696.000000 
32.000000 209028.000000 41693.000000 
31.000000 209043.000000 41692.000000 
31.000000 209060.000000 41691.000000 
31.000000 209060.000000 41697.000000 
31.000000 209037.000000 41691.000000 
31.000000 209089.000000 41725.000000 
32.000000 209698.000000 41698.000000 
31.000000 209012.000000 41695.000000 
32.000000 209060.000000 41699.000000 
32.000000 209081.000000 41694.000000 
31.000000 209028.000000 41703.000000 
32.000000 209070.000000 41702.000000 
32.000000 209076.000000 41691.000000 
32.000000 209049.000000 41696.000000 
31.000000 209033.000000 41692.000000 
31.000000 209027.000000 41692.000000 
32.000000 209088.000000 41695.000000 
31.000000 209056.000000 41694.000000 
32.000000 209027.000000 41695.000000 
33.000000 209005.000000 41691.000000 
32.000000 209041.000000 41691.000000 
32.000000 209046.000000 41695.000000 
32.000000 208996.000000 41693.000000 
31.000000 209693.000000 41693.000000 
37.000000 209036.000000 41690.000000 
31.000000 209013.000000 41697.000000 
31.000000 209007.000000 41692.000000 
32.000000 209022.000000 41695.000000 
32.000000 209039.000000 41700.000000 
30.000000 209034.000000 41696.000000 
32.000000 209082.000000 41692.000000 
32.000000 209040.000000 41690.000000 
31.000000 209059.000000 41694.000000 
32.000000 209054.000000 41698.000000 
32.000000 209107.000000 41713.000000 
32.000000 209037.000000 41693.000000 
32.000000 209051.000000 41695.000000 
32.000000 209067.000000 41690.000000 
31.000000 209030.000000 41697.000000 
32.000000 209024.000000 41689.000000 
32.000000 209796.000000 41736.000000 
31.000000 209097.000000 41696.000000 
32.000000 209027.000000 41689.000000 
32.000000 209016.000000 41691.000000 
32.000000 209036.000000 41690.000000 
32.000000 209064.000000 41693.000000 
31.000000 209063.000000 41689.000000 
31.000000 209118.000000 41692.000000 
32.000000 209048.000000 41698.000000 
32.000000 209044.000000 41695.000000 
32.000000 209042.000000 41691.000000 
31.000000 209048.000000 41703.000000 
32.000000 208998.000000 41688.000000 
31.000000 208984.000000 41693.000000 
32.000000 209223.000000 41696.000000 
32.000000 209043.000000 41690.000000 
31.000000 209091.000000 41692.000000 
32.000000 209607.000000 41956.000000 
33.000000 209028.000000 41690.000000 
32.000000 209006.000000 41701.000000 
33.000000 209015.000000 41694.000000 
32.000000 209007.000000 41691.000000 
31.000000 209054.000000 41692.000000 
31.000000 208971.000000 41693.000000 
31.000000 209034.000000 41710.000000 
32.000000 209018.000000 41697.000000 
32.000000 209078.000000 41693.000000 
32.000000 209057.000000 41690.000000 
32.000000 209120.000000 41698.000000 
31.000000 209100.000000 41691.000000 
31.000000 209069.000000 41692.000000 
31.000000 209016.000000 41692.000000 
31.000000 209011.000000 41689.000000 
32.000000 208983.000000 41693.000000 
32.000000 209447.000000 42175.000000 
32.000000 209078.000000 41693.000000 
32.000000 209043.000000 41700.000000 
32.000000 209099.000000 41700.000000 
31.000000 209038.000000 41694.000000 
31.000000 209021.000000 41691.000000 
32.000000 209025.000000 41689.000000 
32.000000 208997.000000 41689.000000 
32.000000 209101.000000 41692.000000 
31.000000 209018.000000 41696.000000 
31.000000 209083.000000 41692.000000 
31.000000 209019.000000 41693.000000 
31.000000 209023.000000 41690.000000 
32.000000 209040.000000 41693.000000 
31.000000 209055.000000 41689.000000 
32.000000 209074.000000 41693.000000 
31.000000 209106.000000 41690.000000 
31.000000 209278.000000 42198.000000 
32.000000 209228.000000 41690.000000 
32.000000 209038.000000 41693.000000 
31.000000 209055.000000 41699.000000 
32.000000 209078.000000 41693.000000 
31.000000 209090.000000 41689.000000 
32.000000 209093.000000 41689.000000 
32.000000 209079.000000 41690.000000 
32.000000 209065.000000 41692.000000 
32.000000 209403.000000 41691.000000 
31.000000 209071.000000 41691.000000 
32.000000 209039.000000 41689.000000 
32.000000 209039.000000 41693.000000 
31.000000 209032.000000 41695.000000 
32.000000 209060.000000 41689.000000 
31.000000 209051.000000 41689.000000 
32.000000 209089.000000 41691.000000 
32.000000 209141.000000 42203.000000 
32.000000 209326.000000 41688.000000 
31.000000 209087.000000 41691.000000 
31.000000 209033.000000 41697.000000 
31.000000 209067.000000 41690.000000 
31.000000 209075.000000 41690.000000 
31.000000 209019.000000 41693.000000 
31.000000 209049.000000 41696.000000 
31.000000 209048.000000 41696.000000 
31.000000 209089.000000 41694.000000 
32.000000 209011.000000 41713.000000 
31.000000 209025.000000 41689.000000 
31.000000 209020.000000 41690.000000 
32.000000 209046.000000 41695.000000 
31.000000 209091.000000 41689.000000 
32.000000 209070.000000 41690.000000 
32.000000 209044.000000 41689.000000 
31.000000 209029.000000 42084.000000 
32.000000 209592.000000 41693.000000 
37.000000 209024.000000 41697.000000 
31.000000 209033.000000 41690.000000 
32.000000 209035.000000 41692.000000 
31.000000 209007.000000 41689.000000 
32.000000 209027.000000 41692.000000 
31.000000 209030.000000 41690.000000 
37.000000 209012.000000 41703.000000 
32.000000 209012.000000 41694.000000 
36.000000 209069.000000 41690.000000 
32.000000 209000.000000 41697.000000 
31.000000 209049.000000 41699.000000 
32.000000 209011.000000 41697.000000 
40.000000 209084.000000 41691.000000 
31.000000 209098.000000 41696.000000 
31.000000 209048.000000 41698.000000 
31.000000 209001.000000 41830.000000 
32.000000 209726.000000 41694.000000 
31.000000 209072.000000 41704.000000 
32.000000 209112.000000 41692.000000 
32.000000 209035.000000 41690.000000 
31.000000 209054.000000 41694.000000 
32.000000 209106.000000 41696.000000 
31.000000 209042.000000 41691.000000 
31.000000 209037.000000 41689.000000 
32.000000 209045.000000 41689.000000 
31.000000 209022.000000 41695.000000 
38.000000 209045.000000 41692.000000 
31.000000 209063.000000 41691.000000 
31.000000 209053.000000 41689.000000 
32.000000 209071.000000 41689.000000 
32.000000 209057.000000 41690.000000 
32.000000 209076.000000 41696.000000 
35.000000 209020.000000 41690.000000 
32.000000 214179.000000 41692.000000 
31.000000 209019.000000 41698.000000 
32.000000 209120.000000 41696.000000 
31.000000 209097.000000 41692.000000 
31.000000 209103.000000 41690.000000 
32.000000 209046.000000 41689.000000 
33.000000 209054.000000 41690.000000 
32.000000 209044.000000 41691.000000 
32.000000 209068.000000 41693.000000 
31.000000 209046.000000 41697.000000 
32.000000 209038.000000 41689.000000 
31.000000 209090.000000 41705.000000 
